<?xml version="1.0" encoding="UTF-8"?>
<!-- Generated by org.testng.reporters.JUnitReportReporter -->
<testsuite hostname="User" failures="0" tests="1" name="UI_Automation_Test.test.automation.ui.VerifyStateDropDownContainsDuplicateValues" time="4.598" errors="0" timestamp="2024-04-24T10:02:08 IST" skipped="0">
  <testcase classname="UI_Automation_Test.test.automation.ui.VerifyStateDropDownContainsDuplicateValues" name="verifyRegisterUser" time="4.598"/>
</testsuite> <!-- UI_Automation_Test.test.automation.ui.VerifyStateDropDownContainsDuplicateValues -->
