<?xml version="1.0" encoding="UTF-8"?>
<!-- Generated by org.testng.reporters.JUnitReportReporter -->
<testsuite hostname="User" failures="0" tests="1" name="UI_Automation_Test.test.automation.ui.EmailIdvalidation" time="3.547" errors="0" timestamp="2024-04-24T10:02:08 IST" skipped="0">
  <testcase classname="UI_Automation_Test.test.automation.ui.EmailIdvalidation" name="validateEmailAddress" time="3.547"/>
</testsuite> <!-- UI_Automation_Test.test.automation.ui.EmailIdvalidation -->
