<?xml version="1.0" encoding="UTF-8"?>
<!-- Generated by org.testng.reporters.JUnitReportReporter -->
<testsuite hostname="User" failures="0" tests="1" name="UI_Automation_Test.test.automation.ui.VerifyNextButtonEnabled" time="3.238" errors="0" timestamp="2024-04-24T10:02:08 IST" skipped="0">
  <testcase classname="UI_Automation_Test.test.automation.ui.VerifyNextButtonEnabled" name="verifyNextButtonEnabled" time="3.238"/>
</testsuite> <!-- UI_Automation_Test.test.automation.ui.VerifyNextButtonEnabled -->
